<?xml version="1.0" encoding="UTF-8"?>
<testsuite xmlns:xsi="http://www.w3.org/2001/XMLSchema-instance" xsi:noNamespaceSchemaLocation="https://maven.apache.org/surefire/maven-surefire-plugin/xsd/surefire-test-report-3.0.xsd" version="3.0" name="com.dglazewski.mvcdg.MvcdgApplicationTests" time="6.629" tests="1" errors="0" skipped="0" failures="0">
  <properties>
    <property name="java.specification.version" value="17"/>
    <property name="sun.cpu.isalist" value="amd64"/>
    <property name="sun.jnu.encoding" value="Cp1250"/>
    <property name="java.class.path" value="C:\Users\darek\IdeaProjects\mvcdg\target\test-classes;C:\Users\darek\IdeaProjects\mvcdg\target\classes;C:\Users\darek\.m2\repository\org\springframework\boot\spring-boot-starter-web\3.1.0\spring-boot-starter-web-3.1.0.jar;C:\Users\darek\.m2\repository\org\springframework\boot\spring-boot-starter\3.1.0\spring-boot-starter-3.1.0.jar;C:\Users\darek\.m2\repository\org\springframework\boot\spring-boot\3.1.0\spring-boot-3.1.0.jar;C:\Users\darek\.m2\repository\org\springframework\boot\spring-boot-autoconfigure\3.1.0\spring-boot-autoconfigure-3.1.0.jar;C:\Users\darek\.m2\repository\org\springframework\boot\spring-boot-starter-logging\3.1.0\spring-boot-starter-logging-3.1.0.jar;C:\Users\darek\.m2\repository\ch\qos\logback\logback-classic\1.4.7\logback-classic-1.4.7.jar;C:\Users\darek\.m2\repository\ch\qos\logback\logback-core\1.4.7\logback-core-1.4.7.jar;C:\Users\darek\.m2\repository\org\apache\logging\log4j\log4j-to-slf4j\2.20.0\log4j-to-slf4j-2.20.0.jar;C:\Users\darek\.m2\repository\org\apache\logging\log4j\log4j-api\2.20.0\log4j-api-2.20.0.jar;C:\Users\darek\.m2\repository\org\slf4j\jul-to-slf4j\2.0.7\jul-to-slf4j-2.0.7.jar;C:\Users\darek\.m2\repository\jakarta\annotation\jakarta.annotation-api\2.1.1\jakarta.annotation-api-2.1.1.jar;C:\Users\darek\.m2\repository\org\yaml\snakeyaml\1.33\snakeyaml-1.33.jar;C:\Users\darek\.m2\repository\org\springframework\boot\spring-boot-starter-json\3.1.0\spring-boot-starter-json-3.1.0.jar;C:\Users\darek\.m2\repository\com\fasterxml\jackson\core\jackson-databind\2.15.0\jackson-databind-2.15.0.jar;C:\Users\darek\.m2\repository\com\fasterxml\jackson\core\jackson-annotations\2.15.0\jackson-annotations-2.15.0.jar;C:\Users\darek\.m2\repository\com\fasterxml\jackson\core\jackson-core\2.15.0\jackson-core-2.15.0.jar;C:\Users\darek\.m2\repository\com\fasterxml\jackson\datatype\jackson-datatype-jdk8\2.15.0\jackson-datatype-jdk8-2.15.0.jar;C:\Users\darek\.m2\repository\com\fasterxml\jackson\datatype\jackson-datatype-jsr310\2.15.0\jackson-datatype-jsr310-2.15.0.jar;C:\Users\darek\.m2\repository\com\fasterxml\jackson\module\jackson-module-parameter-names\2.15.0\jackson-module-parameter-names-2.15.0.jar;C:\Users\darek\.m2\repository\org\springframework\boot\spring-boot-starter-tomcat\3.1.0\spring-boot-starter-tomcat-3.1.0.jar;C:\Users\darek\.m2\repository\org\apache\tomcat\embed\tomcat-embed-core\10.1.8\tomcat-embed-core-10.1.8.jar;C:\Users\darek\.m2\repository\org\apache\tomcat\embed\tomcat-embed-el\10.1.8\tomcat-embed-el-10.1.8.jar;C:\Users\darek\.m2\repository\org\apache\tomcat\embed\tomcat-embed-websocket\10.1.8\tomcat-embed-websocket-10.1.8.jar;C:\Users\darek\.m2\repository\org\springframework\spring-web\6.0.9\spring-web-6.0.9.jar;C:\Users\darek\.m2\repository\org\springframework\spring-beans\6.0.9\spring-beans-6.0.9.jar;C:\Users\darek\.m2\repository\org\springframework\spring-webmvc\6.0.9\spring-webmvc-6.0.9.jar;C:\Users\darek\.m2\repository\org\springframework\spring-aop\6.0.9\spring-aop-6.0.9.jar;C:\Users\darek\.m2\repository\org\springframework\spring-context\6.0.9\spring-context-6.0.9.jar;C:\Users\darek\.m2\repository\org\springframework\spring-expression\6.0.9\spring-expression-6.0.9.jar;C:\Users\darek\.m2\repository\org\projectlombok\lombok\1.18.26\lombok-1.18.26.jar;C:\Users\darek\.m2\repository\org\springframework\boot\spring-boot-starter-test\3.1.0\spring-boot-starter-test-3.1.0.jar;C:\Users\darek\.m2\repository\org\springframework\boot\spring-boot-test\3.1.0\spring-boot-test-3.1.0.jar;C:\Users\darek\.m2\repository\org\springframework\boot\spring-boot-test-autoconfigure\3.1.0\spring-boot-test-autoconfigure-3.1.0.jar;C:\Users\darek\.m2\repository\com\jayway\jsonpath\json-path\2.8.0\json-path-2.8.0.jar;C:\Users\darek\.m2\repository\org\slf4j\slf4j-api\2.0.7\slf4j-api-2.0.7.jar;C:\Users\darek\.m2\repository\jakarta\xml\bind\jakarta.xml.bind-api\4.0.0\jakarta.xml.bind-api-4.0.0.jar;C:\Users\darek\.m2\repository\jakarta\activation\jakarta.activation-api\2.1.2\jakarta.activation-api-2.1.2.jar;C:\Users\darek\.m2\repository\net\minidev\json-smart\2.4.10\json-smart-2.4.10.jar;C:\Users\darek\.m2\repository\net\minidev\accessors-smart\2.4.9\accessors-smart-2.4.9.jar;C:\Users\darek\.m2\repository\org\ow2\asm\asm\9.3\asm-9.3.jar;C:\Users\darek\.m2\repository\org\assertj\assertj-core\3.24.2\assertj-core-3.24.2.jar;C:\Users\darek\.m2\repository\net\bytebuddy\byte-buddy\1.14.4\byte-buddy-1.14.4.jar;C:\Users\darek\.m2\repository\org\hamcrest\hamcrest\2.2\hamcrest-2.2.jar;C:\Users\darek\.m2\repository\org\junit\jupiter\junit-jupiter\5.9.3\junit-jupiter-5.9.3.jar;C:\Users\darek\.m2\repository\org\junit\jupiter\junit-jupiter-api\5.9.3\junit-jupiter-api-5.9.3.jar;C:\Users\darek\.m2\repository\org\opentest4j\opentest4j\1.2.0\opentest4j-1.2.0.jar;C:\Users\darek\.m2\repository\org\junit\platform\junit-platform-commons\1.9.3\junit-platform-commons-1.9.3.jar;C:\Users\darek\.m2\repository\org\apiguardian\apiguardian-api\1.1.2\apiguardian-api-1.1.2.jar;C:\Users\darek\.m2\repository\org\junit\jupiter\junit-jupiter-params\5.9.3\junit-jupiter-params-5.9.3.jar;C:\Users\darek\.m2\repository\org\junit\jupiter\junit-jupiter-engine\5.9.3\junit-jupiter-engine-5.9.3.jar;C:\Users\darek\.m2\repository\org\junit\platform\junit-platform-engine\1.9.3\junit-platform-engine-1.9.3.jar;C:\Users\darek\.m2\repository\org\mockito\mockito-core\5.3.1\mockito-core-5.3.1.jar;C:\Users\darek\.m2\repository\net\bytebuddy\byte-buddy-agent\1.14.4\byte-buddy-agent-1.14.4.jar;C:\Users\darek\.m2\repository\org\objenesis\objenesis\3.3\objenesis-3.3.jar;C:\Users\darek\.m2\repository\org\mockito\mockito-junit-jupiter\5.3.1\mockito-junit-jupiter-5.3.1.jar;C:\Users\darek\.m2\repository\org\skyscreamer\jsonassert\1.5.1\jsonassert-1.5.1.jar;C:\Users\darek\.m2\repository\com\vaadin\external\google\android-json\0.0.20131108.vaadin1\android-json-0.0.20131108.vaadin1.jar;C:\Users\darek\.m2\repository\org\springframework\spring-core\6.0.9\spring-core-6.0.9.jar;C:\Users\darek\.m2\repository\org\springframework\spring-jcl\6.0.9\spring-jcl-6.0.9.jar;C:\Users\darek\.m2\repository\org\springframework\spring-test\6.0.9\spring-test-6.0.9.jar;C:\Users\darek\.m2\repository\org\xmlunit\xmlunit-core\2.9.1\xmlunit-core-2.9.1.jar;C:\Users\darek\.m2\repository\org\springframework\boot\spring-boot-starter-actuator\3.1.0\spring-boot-starter-actuator-3.1.0.jar;C:\Users\darek\.m2\repository\org\springframework\boot\spring-boot-actuator-autoconfigure\3.1.0\spring-boot-actuator-autoconfigure-3.1.0.jar;C:\Users\darek\.m2\repository\org\springframework\boot\spring-boot-actuator\3.1.0\spring-boot-actuator-3.1.0.jar;C:\Users\darek\.m2\repository\io\micrometer\micrometer-observation\1.11.0\micrometer-observation-1.11.0.jar;C:\Users\darek\.m2\repository\io\micrometer\micrometer-commons\1.11.0\micrometer-commons-1.11.0.jar;C:\Users\darek\.m2\repository\io\micrometer\micrometer-core\1.11.0\micrometer-core-1.11.0.jar;C:\Users\darek\.m2\repository\org\hdrhistogram\HdrHistogram\2.1.12\HdrHistogram-2.1.12.jar;C:\Users\darek\.m2\repository\org\latencyutils\LatencyUtils\2.0.3\LatencyUtils-2.0.3.jar;C:\Users\darek\.m2\repository\org\springdoc\springdoc-openapi-starter-webmvc-ui\2.0.4\springdoc-openapi-starter-webmvc-ui-2.0.4.jar;C:\Users\darek\.m2\repository\org\springdoc\springdoc-openapi-starter-webmvc-api\2.0.4\springdoc-openapi-starter-webmvc-api-2.0.4.jar;C:\Users\darek\.m2\repository\org\springdoc\springdoc-openapi-starter-common\2.0.4\springdoc-openapi-starter-common-2.0.4.jar;C:\Users\darek\.m2\repository\io\swagger\core\v3\swagger-core-jakarta\2.2.8\swagger-core-jakarta-2.2.8.jar;C:\Users\darek\.m2\repository\org\apache\commons\commons-lang3\3.12.0\commons-lang3-3.12.0.jar;C:\Users\darek\.m2\repository\io\swagger\core\v3\swagger-annotations-jakarta\2.2.8\swagger-annotations-jakarta-2.2.8.jar;C:\Users\darek\.m2\repository\io\swagger\core\v3\swagger-models-jakarta\2.2.8\swagger-models-jakarta-2.2.8.jar;C:\Users\darek\.m2\repository\jakarta\validation\jakarta.validation-api\3.0.2\jakarta.validation-api-3.0.2.jar;C:\Users\darek\.m2\repository\com\fasterxml\jackson\dataformat\jackson-dataformat-yaml\2.15.0\jackson-dataformat-yaml-2.15.0.jar;C:\Users\darek\.m2\repository\org\webjars\swagger-ui\4.18.1\swagger-ui-4.18.1.jar;C:\Users\darek\.m2\repository\org\webjars\webjars-locator-core\0.52\webjars-locator-core-0.52.jar;C:\Users\darek\.m2\repository\io\github\classgraph\classgraph\4.8.149\classgraph-4.8.149.jar;"/>
    <property name="java.vm.vendor" value="Oracle Corporation"/>
    <property name="sun.arch.data.model" value="64"/>
    <property name="user.variant" value=""/>
    <property name="java.vendor.url" value="https://java.oracle.com/"/>
    <property name="user.timezone" value="Europe/Warsaw"/>
    <property name="os.name" value="Windows 10"/>
    <property name="java.vm.specification.version" value="17"/>
    <property name="sun.java.launcher" value="SUN_STANDARD"/>
    <property name="user.country" value="PL"/>
    <property name="sun.boot.library.path" value="C:\Program Files\Java\jdk-17\bin"/>
    <property name="sun.java.command" value="C:\Users\darek\AppData\Local\Temp\surefire15843235852755850696\surefirebooter-20230614213756973_3.jar C:\Users\darek\AppData\Local\Temp\surefire15843235852755850696 2023-06-14T21-37-56_792-jvmRun1 surefire-20230614213756973_1tmp surefire_0-20230614213756973_2tmp"/>
    <property name="jdk.debug" value="release"/>
    <property name="surefire.test.class.path" value="C:\Users\darek\IdeaProjects\mvcdg\target\test-classes;C:\Users\darek\IdeaProjects\mvcdg\target\classes;C:\Users\darek\.m2\repository\org\springframework\boot\spring-boot-starter-web\3.1.0\spring-boot-starter-web-3.1.0.jar;C:\Users\darek\.m2\repository\org\springframework\boot\spring-boot-starter\3.1.0\spring-boot-starter-3.1.0.jar;C:\Users\darek\.m2\repository\org\springframework\boot\spring-boot\3.1.0\spring-boot-3.1.0.jar;C:\Users\darek\.m2\repository\org\springframework\boot\spring-boot-autoconfigure\3.1.0\spring-boot-autoconfigure-3.1.0.jar;C:\Users\darek\.m2\repository\org\springframework\boot\spring-boot-starter-logging\3.1.0\spring-boot-starter-logging-3.1.0.jar;C:\Users\darek\.m2\repository\ch\qos\logback\logback-classic\1.4.7\logback-classic-1.4.7.jar;C:\Users\darek\.m2\repository\ch\qos\logback\logback-core\1.4.7\logback-core-1.4.7.jar;C:\Users\darek\.m2\repository\org\apache\logging\log4j\log4j-to-slf4j\2.20.0\log4j-to-slf4j-2.20.0.jar;C:\Users\darek\.m2\repository\org\apache\logging\log4j\log4j-api\2.20.0\log4j-api-2.20.0.jar;C:\Users\darek\.m2\repository\org\slf4j\jul-to-slf4j\2.0.7\jul-to-slf4j-2.0.7.jar;C:\Users\darek\.m2\repository\jakarta\annotation\jakarta.annotation-api\2.1.1\jakarta.annotation-api-2.1.1.jar;C:\Users\darek\.m2\repository\org\yaml\snakeyaml\1.33\snakeyaml-1.33.jar;C:\Users\darek\.m2\repository\org\springframework\boot\spring-boot-starter-json\3.1.0\spring-boot-starter-json-3.1.0.jar;C:\Users\darek\.m2\repository\com\fasterxml\jackson\core\jackson-databind\2.15.0\jackson-databind-2.15.0.jar;C:\Users\darek\.m2\repository\com\fasterxml\jackson\core\jackson-annotations\2.15.0\jackson-annotations-2.15.0.jar;C:\Users\darek\.m2\repository\com\fasterxml\jackson\core\jackson-core\2.15.0\jackson-core-2.15.0.jar;C:\Users\darek\.m2\repository\com\fasterxml\jackson\datatype\jackson-datatype-jdk8\2.15.0\jackson-datatype-jdk8-2.15.0.jar;C:\Users\darek\.m2\repository\com\fasterxml\jackson\datatype\jackson-datatype-jsr310\2.15.0\jackson-datatype-jsr310-2.15.0.jar;C:\Users\darek\.m2\repository\com\fasterxml\jackson\module\jackson-module-parameter-names\2.15.0\jackson-module-parameter-names-2.15.0.jar;C:\Users\darek\.m2\repository\org\springframework\boot\spring-boot-starter-tomcat\3.1.0\spring-boot-starter-tomcat-3.1.0.jar;C:\Users\darek\.m2\repository\org\apache\tomcat\embed\tomcat-embed-core\10.1.8\tomcat-embed-core-10.1.8.jar;C:\Users\darek\.m2\repository\org\apache\tomcat\embed\tomcat-embed-el\10.1.8\tomcat-embed-el-10.1.8.jar;C:\Users\darek\.m2\repository\org\apache\tomcat\embed\tomcat-embed-websocket\10.1.8\tomcat-embed-websocket-10.1.8.jar;C:\Users\darek\.m2\repository\org\springframework\spring-web\6.0.9\spring-web-6.0.9.jar;C:\Users\darek\.m2\repository\org\springframework\spring-beans\6.0.9\spring-beans-6.0.9.jar;C:\Users\darek\.m2\repository\org\springframework\spring-webmvc\6.0.9\spring-webmvc-6.0.9.jar;C:\Users\darek\.m2\repository\org\springframework\spring-aop\6.0.9\spring-aop-6.0.9.jar;C:\Users\darek\.m2\repository\org\springframework\spring-context\6.0.9\spring-context-6.0.9.jar;C:\Users\darek\.m2\repository\org\springframework\spring-expression\6.0.9\spring-expression-6.0.9.jar;C:\Users\darek\.m2\repository\org\projectlombok\lombok\1.18.26\lombok-1.18.26.jar;C:\Users\darek\.m2\repository\org\springframework\boot\spring-boot-starter-test\3.1.0\spring-boot-starter-test-3.1.0.jar;C:\Users\darek\.m2\repository\org\springframework\boot\spring-boot-test\3.1.0\spring-boot-test-3.1.0.jar;C:\Users\darek\.m2\repository\org\springframework\boot\spring-boot-test-autoconfigure\3.1.0\spring-boot-test-autoconfigure-3.1.0.jar;C:\Users\darek\.m2\repository\com\jayway\jsonpath\json-path\2.8.0\json-path-2.8.0.jar;C:\Users\darek\.m2\repository\org\slf4j\slf4j-api\2.0.7\slf4j-api-2.0.7.jar;C:\Users\darek\.m2\repository\jakarta\xml\bind\jakarta.xml.bind-api\4.0.0\jakarta.xml.bind-api-4.0.0.jar;C:\Users\darek\.m2\repository\jakarta\activation\jakarta.activation-api\2.1.2\jakarta.activation-api-2.1.2.jar;C:\Users\darek\.m2\repository\net\minidev\json-smart\2.4.10\json-smart-2.4.10.jar;C:\Users\darek\.m2\repository\net\minidev\accessors-smart\2.4.9\accessors-smart-2.4.9.jar;C:\Users\darek\.m2\repository\org\ow2\asm\asm\9.3\asm-9.3.jar;C:\Users\darek\.m2\repository\org\assertj\assertj-core\3.24.2\assertj-core-3.24.2.jar;C:\Users\darek\.m2\repository\net\bytebuddy\byte-buddy\1.14.4\byte-buddy-1.14.4.jar;C:\Users\darek\.m2\repository\org\hamcrest\hamcrest\2.2\hamcrest-2.2.jar;C:\Users\darek\.m2\repository\org\junit\jupiter\junit-jupiter\5.9.3\junit-jupiter-5.9.3.jar;C:\Users\darek\.m2\repository\org\junit\jupiter\junit-jupiter-api\5.9.3\junit-jupiter-api-5.9.3.jar;C:\Users\darek\.m2\repository\org\opentest4j\opentest4j\1.2.0\opentest4j-1.2.0.jar;C:\Users\darek\.m2\repository\org\junit\platform\junit-platform-commons\1.9.3\junit-platform-commons-1.9.3.jar;C:\Users\darek\.m2\repository\org\apiguardian\apiguardian-api\1.1.2\apiguardian-api-1.1.2.jar;C:\Users\darek\.m2\repository\org\junit\jupiter\junit-jupiter-params\5.9.3\junit-jupiter-params-5.9.3.jar;C:\Users\darek\.m2\repository\org\junit\jupiter\junit-jupiter-engine\5.9.3\junit-jupiter-engine-5.9.3.jar;C:\Users\darek\.m2\repository\org\junit\platform\junit-platform-engine\1.9.3\junit-platform-engine-1.9.3.jar;C:\Users\darek\.m2\repository\org\mockito\mockito-core\5.3.1\mockito-core-5.3.1.jar;C:\Users\darek\.m2\repository\net\bytebuddy\byte-buddy-agent\1.14.4\byte-buddy-agent-1.14.4.jar;C:\Users\darek\.m2\repository\org\objenesis\objenesis\3.3\objenesis-3.3.jar;C:\Users\darek\.m2\repository\org\mockito\mockito-junit-jupiter\5.3.1\mockito-junit-jupiter-5.3.1.jar;C:\Users\darek\.m2\repository\org\skyscreamer\jsonassert\1.5.1\jsonassert-1.5.1.jar;C:\Users\darek\.m2\repository\com\vaadin\external\google\android-json\0.0.20131108.vaadin1\android-json-0.0.20131108.vaadin1.jar;C:\Users\darek\.m2\repository\org\springframework\spring-core\6.0.9\spring-core-6.0.9.jar;C:\Users\darek\.m2\repository\org\springframework\spring-jcl\6.0.9\spring-jcl-6.0.9.jar;C:\Users\darek\.m2\repository\org\springframework\spring-test\6.0.9\spring-test-6.0.9.jar;C:\Users\darek\.m2\repository\org\xmlunit\xmlunit-core\2.9.1\xmlunit-core-2.9.1.jar;C:\Users\darek\.m2\repository\org\springframework\boot\spring-boot-starter-actuator\3.1.0\spring-boot-starter-actuator-3.1.0.jar;C:\Users\darek\.m2\repository\org\springframework\boot\spring-boot-actuator-autoconfigure\3.1.0\spring-boot-actuator-autoconfigure-3.1.0.jar;C:\Users\darek\.m2\repository\org\springframework\boot\spring-boot-actuator\3.1.0\spring-boot-actuator-3.1.0.jar;C:\Users\darek\.m2\repository\io\micrometer\micrometer-observation\1.11.0\micrometer-observation-1.11.0.jar;C:\Users\darek\.m2\repository\io\micrometer\micrometer-commons\1.11.0\micrometer-commons-1.11.0.jar;C:\Users\darek\.m2\repository\io\micrometer\micrometer-core\1.11.0\micrometer-core-1.11.0.jar;C:\Users\darek\.m2\repository\org\hdrhistogram\HdrHistogram\2.1.12\HdrHistogram-2.1.12.jar;C:\Users\darek\.m2\repository\org\latencyutils\LatencyUtils\2.0.3\LatencyUtils-2.0.3.jar;C:\Users\darek\.m2\repository\org\springdoc\springdoc-openapi-starter-webmvc-ui\2.0.4\springdoc-openapi-starter-webmvc-ui-2.0.4.jar;C:\Users\darek\.m2\repository\org\springdoc\springdoc-openapi-starter-webmvc-api\2.0.4\springdoc-openapi-starter-webmvc-api-2.0.4.jar;C:\Users\darek\.m2\repository\org\springdoc\springdoc-openapi-starter-common\2.0.4\springdoc-openapi-starter-common-2.0.4.jar;C:\Users\darek\.m2\repository\io\swagger\core\v3\swagger-core-jakarta\2.2.8\swagger-core-jakarta-2.2.8.jar;C:\Users\darek\.m2\repository\org\apache\commons\commons-lang3\3.12.0\commons-lang3-3.12.0.jar;C:\Users\darek\.m2\repository\io\swagger\core\v3\swagger-annotations-jakarta\2.2.8\swagger-annotations-jakarta-2.2.8.jar;C:\Users\darek\.m2\repository\io\swagger\core\v3\swagger-models-jakarta\2.2.8\swagger-models-jakarta-2.2.8.jar;C:\Users\darek\.m2\repository\jakarta\validation\jakarta.validation-api\3.0.2\jakarta.validation-api-3.0.2.jar;C:\Users\darek\.m2\repository\com\fasterxml\jackson\dataformat\jackson-dataformat-yaml\2.15.0\jackson-dataformat-yaml-2.15.0.jar;C:\Users\darek\.m2\repository\org\webjars\swagger-ui\4.18.1\swagger-ui-4.18.1.jar;C:\Users\darek\.m2\repository\org\webjars\webjars-locator-core\0.52\webjars-locator-core-0.52.jar;C:\Users\darek\.m2\repository\io\github\classgraph\classgraph\4.8.149\classgraph-4.8.149.jar;"/>
    <property name="sun.cpu.endian" value="little"/>
    <property name="user.home" value="C:\Users\darek"/>
    <property name="user.language" value="pl"/>
    <property name="java.specification.vendor" value="Oracle Corporation"/>
    <property name="java.version.date" value="2023-04-18"/>
    <property name="java.home" value="C:\Program Files\Java\jdk-17"/>
    <property name="file.separator" value="\"/>
    <property name="basedir" value="C:\Users\darek\IdeaProjects\mvcdg"/>
    <property name="java.vm.compressedOopsMode" value="Zero based"/>
    <property name="line.separator" value="&#10;"/>
    <property name="java.vm.specification.vendor" value="Oracle Corporation"/>
    <property name="java.specification.name" value="Java Platform API Specification"/>
    <property name="FILE_LOG_CHARSET" value="windows-1250"/>
    <property name="java.awt.headless" value="true"/>
    <property name="surefire.real.class.path" value="C:\Users\darek\AppData\Local\Temp\surefire15843235852755850696\surefirebooter-20230614213756973_3.jar"/>
    <property name="user.script" value=""/>
    <property name="sun.management.compiler" value="HotSpot 64-Bit Tiered Compilers"/>
    <property name="java.runtime.version" value="17.0.7+8-LTS-224"/>
    <property name="user.name" value="darek"/>
    <property name="path.separator" value=";"/>
    <property name="os.version" value="10.0"/>
    <property name="java.runtime.name" value="Java(TM) SE Runtime Environment"/>
    <property name="file.encoding" value="Cp1250"/>
    <property name="java.vm.name" value="Java HotSpot(TM) 64-Bit Server VM"/>
    <property name="localRepository" value="C:\Users\darek\.m2\repository"/>
    <property name="java.vendor.url.bug" value="https://bugreport.java.com/bugreport/"/>
    <property name="java.io.tmpdir" value="C:\Users\darek\AppData\Local\Temp\"/>
    <property name="idea.version" value="2023.1"/>
    <property name="java.version" value="17.0.7"/>
    <property name="user.dir" value="C:\Users\darek\IdeaProjects\mvcdg"/>
    <property name="os.arch" value="amd64"/>
    <property name="java.vm.specification.name" value="Java Virtual Machine Specification"/>
    <property name="PID" value="14968"/>
    <property name="sun.os.patch.level" value=""/>
    <property name="CONSOLE_LOG_CHARSET" value="windows-1250"/>
    <property name="native.encoding" value="Cp1250"/>
    <property name="java.library.path" value="C:\Program Files\Java\jdk-17\bin;C:\Windows\Sun\Java\bin;C:\Windows\system32;C:\Windows;C:\Program Files\Common Files\Oracle\Java\javapath;C:\Windows\system32;C:\Windows;C:\Windows\System32\Wbem;C:\Windows\System32\WindowsPowerShell\v1.0\;C:\Windows\System32\OpenSSH\;C:\Program Files\maven\apache-maven-3.9.1\bin;C:\Program Files\Git\cmd;C:\Program Files\Docker\Docker\resources\bin;C:\Program Files\nodejs\;C:\Users\darek\AppData\Local\Microsoft\WindowsApps;;C:\Program Files\JetBrains\IntelliJ IDEA 2023.1\bin;;C:\Program Files\JetBrains\WebStorm 2023.1\bin;;C:\Program Files\JetBrains\DataGrip 2023.1.1\bin;;C:\Program Files\JetBrains\PhpStorm 2023.1.1\bin;;C:\Users\darek\AppData\Roaming\npm;."/>
    <property name="java.vm.info" value="mixed mode, sharing"/>
    <property name="java.vendor" value="Oracle Corporation"/>
    <property name="java.vm.version" value="17.0.7+8-LTS-224"/>
    <property name="sun.io.unicode.encoding" value="UnicodeLittle"/>
    <property name="java.class.version" value="61.0"/>
  </properties>
  <testcase name="contextLoads" classname="com.dglazewski.mvcdg.MvcdgApplicationTests" time="1.216">
    <system-out><![CDATA[21:37:58.258 [main] INFO org.springframework.test.context.support.AnnotationConfigContextLoaderUtils -- Could not detect default configuration classes for test class [com.dglazewski.mvcdg.MvcdgApplicationTests]: MvcdgApplicationTests does not declare any static, non-private, non-final, nested classes annotated with @Configuration.
21:37:58.403 [main] INFO org.springframework.boot.test.context.SpringBootTestContextBootstrapper -- Found @SpringBootConfiguration com.dglazewski.mvcdg.MvcdgApplication for test class com.dglazewski.mvcdg.MvcdgApplicationTests

  .   ____          _            __ _ _
 /\\ / ___'_ __ _ _(_)_ __  __ _ \ \ \ \
( ( )\___ | '_ | '_| | '_ \/ _` | \ \ \ \
 \\/  ___)| |_)| | | | | || (_| |  ) ) ) )
  '  |____| .__|_| |_|_| |_\__, | / / / /
 =========|_|==============|___/=/_/_/_/
 :: Spring Boot ::                (v3.1.0)

2023-06-14T21:37:59.063+02:00  INFO 14968 --- [           main] c.d.mvcdg.MvcdgApplicationTests          : Starting MvcdgApplicationTests using Java 17.0.7 with PID 14968 (started by darek in C:\Users\darek\IdeaProjects\mvcdg)
2023-06-14T21:37:59.072+02:00  INFO 14968 --- [           main] c.d.mvcdg.MvcdgApplicationTests          : No active profile set, falling back to 1 default profile: "default"
2023-06-14T21:38:03.301+02:00  INFO 14968 --- [           main] o.s.b.a.e.web.EndpointLinksResolver      : Exposing 1 endpoint(s) beneath base path '/actuator'
2023-06-14T21:38:03.381+02:00  INFO 14968 --- [           main] c.d.mvcdg.MvcdgApplicationTests          : Started MvcdgApplicationTests in 4.688 seconds (process running for 6.101)
]]></system-out>
  </testcase>
</testsuite>